[    0.000000] Initializing cgroup subsys cpuset
[    0.000000] Initializing cgroup subsys cpu
[    0.000000] Initializing cgroup subsys cpuacct
[    0.000000] Linux version 4.4.0-187-generic (buildd@lgw01-amd64-035) (gcc version 5.4.0 20160609 (Ubuntu 5.4.0-6ubuntu1~16.04.12) ) #217-Ubuntu SMP Tue Jul 21 04:18:15 UTC 2020 (Ubuntu 4.4.0-187.217-generic 4.4.230)
[    0.000000] Command line: BOOT_IMAGE=/boot/vmlinuz-4.4.0-187-generic root=LABEL=cloudimg-rootfs ro console=tty1 console=ttyS0
[    0.000000] KERNEL supported cpus:
[    0.000000]   Intel GenuineIntel
[    0.000000]   AMD AuthenticAMD
[    0.000000]   Centaur CentaurHauls
[    0.000000] x86/fpu: xstate_offset[2]:  576, xstate_sizes[2]:  256
[    0.000000] x86/fpu: Supporting XSAVE feature 0x01: 'x87 floating point registers'
[    0.000000] x86/fpu: Supporting XSAVE feature 0x02: 'SSE registers'
[    0.000000] x86/fpu: Supporting XSAVE feature 0x04: 'AVX registers'
[    0.000000] x86/fpu: Enabled xstate features 0x7, context size is 832 bytes, using 'standard' format.
[    0.000000] e820: BIOS-provided physical RAM map:
[    0.000000] BIOS-e820: [mem 0x0000000000000000-0x000000000009fbff] usable
[    0.000000] BIOS-e820: [mem 0x000000000009fc00-0x000000000009ffff] reserved
[    0.000000] BIOS-e820: [mem 0x00000000000f0000-0x00000000000fffff] reserved
[    0.000000] BIOS-e820: [mem 0x0000000000100000-0x000000003ffeffff] usable
[    0.000000] BIOS-e820: [mem 0x000000003fff0000-0x000000003fffffff] ACPI data
[    0.000000] BIOS-e820: [mem 0x00000000fec00000-0x00000000fec00fff] reserved
[    0.000000] BIOS-e820: [mem 0x00000000fee00000-0x00000000fee00fff] reserved
[    0.000000] BIOS-e820: [mem 0x00000000fffc0000-0x00000000ffffffff] reserved
[    0.000000] NX (Execute Disable) protection: active
[    0.000000] SMBIOS 2.5 present.
[    0.000000] Hypervisor detected: KVM
[    0.000000] e820: last_pfn = 0x3fff0 max_arch_pfn = 0x400000000
[    0.000000] MTRR: Disabled
[    0.000000] x86/PAT: MTRRs disabled, skipping PAT initialization too.
[    0.000000] CPU MTRRs all blank - virtualized system.
[    0.000000] x86/PAT: Configuration [0-7]: WB  WT  UC- UC  WB  WT  UC- UC  
[    0.000000] found SMP MP-table at [mem 0x0009fff0-0x0009ffff] mapped at [ffff88000009fff0]
[    0.000000] Scanning 1 areas for low memory corruption
[    0.000000] RAMDISK: [mem 0x362de000-0x37166fff]
[    0.000000] ACPI: Early table checksum verification disabled
[    0.000000] ACPI: RSDP 0x00000000000E0000 000024 (v02 VBOX  )
[    0.000000] ACPI: XSDT 0x000000003FFF0030 00003C (v01 VBOX   VBOXXSDT 00000001 ASL  00000061)
[    0.000000] ACPI: FACP 0x000000003FFF00F0 0000F4 (v04 VBOX   VBOXFACP 00000001 ASL  00000061)
[    0.000000] ACPI: DSDT 0x000000003FFF0470 002325 (v02 VBOX   VBOXBIOS 00000002 INTL 20100528)
[    0.000000] ACPI: FACS 0x000000003FFF0200 000040
[    0.000000] ACPI: FACS 0x000000003FFF0200 000040
[    0.000000] ACPI: APIC 0x000000003FFF0240 00005C (v02 VBOX   VBOXAPIC 00000001 ASL  00000061)
[    0.000000] ACPI: SSDT 0x000000003FFF02A0 0001CC (v01 VBOX   VBOXCPUT 00000002 INTL 20100528)
[    0.000000] No NUMA configuration found
[    0.000000] Faking a node at [mem 0x0000000000000000-0x000000003ffeffff]
[    0.000000] NODE_DATA(0) allocated [mem 0x3ffeb000-0x3ffeffff]
[    0.000000] kvm-clock: Using msrs 4b564d01 and 4b564d00
[    0.000000] kvm-clock: cpu 0, msr 0:3ffe3001, primary cpu clock
[    0.000000] kvm-clock: using sched offset of 4081422877 cycles
[    0.000000] clocksource: kvm-clock: mask: 0xffffffffffffffff max_cycles: 0x1cd42e4dffb, max_idle_ns: 881590591483 ns
[    0.000000] Zone ranges:
[    0.000000]   DMA      [mem 0x0000000000001000-0x0000000000ffffff]
[    0.000000]   DMA32    [mem 0x0000000001000000-0x000000003ffeffff]
[    0.000000]   Normal   empty
[    0.000000]   Device   empty
[    0.000000] Movable zone start for each node
[    0.000000] Early memory node ranges
[    0.000000]   node   0: [mem 0x0000000000001000-0x000000000009efff]
[    0.000000]   node   0: [mem 0x0000000000100000-0x000000003ffeffff]
[    0.000000] Initmem setup node 0 [mem 0x0000000000001000-0x000000003ffeffff]
[    0.000000] ACPI: PM-Timer IO Port: 0x4008
[    0.000000] IOAPIC[0]: apic_id 2, version 32, address 0xfec00000, GSI 0-23
[    0.000000] ACPI: INT_SRC_OVR (bus 0 bus_irq 0 global_irq 2 dfl dfl)
[    0.000000] ACPI: INT_SRC_OVR (bus 0 bus_irq 9 global_irq 9 low level)
[    0.000000] Using ACPI (MADT) for SMP configuration information
[    0.000000] smpboot: Allowing 2 CPUs, 0 hotplug CPUs
[    0.000000] PM: Registered nosave memory: [mem 0x00000000-0x00000fff]
[    0.000000] PM: Registered nosave memory: [mem 0x0009f000-0x0009ffff]
[    0.000000] PM: Registered nosave memory: [mem 0x000a0000-0x000effff]
[    0.000000] PM: Registered nosave memory: [mem 0x000f0000-0x000fffff]
[    0.000000] e820: [mem 0x40000000-0xfebfffff] available for PCI devices
[    0.000000] Booting paravirtualized kernel on KVM
[    0.000000] clocksource: refined-jiffies: mask: 0xffffffff max_cycles: 0xffffffff, max_idle_ns: 7645519600211568 ns
[    0.000000] setup_percpu: NR_CPUS:512 nr_cpumask_bits:512 nr_cpu_ids:2 nr_node_ids:1
[    0.000000] PERCPU: Embedded 33 pages/cpu @ffff88003fc00000 s95512 r8192 d31464 u1048576
[    0.000000] Built 1 zonelists in Node order, mobility grouping on.  Total pages: 257912
[    0.000000] Policy zone: DMA32
[    0.000000] Kernel command line: BOOT_IMAGE=/boot/vmlinuz-4.4.0-187-generic root=LABEL=cloudimg-rootfs ro console=tty1 console=ttyS0
[    0.000000] PID hash table entries: 4096 (order: 3, 32768 bytes)
[    0.000000] Memory: 997660K/1048120K available (8636K kernel code, 1337K rwdata, 4040K rodata, 1492K init, 1296K bss, 50460K reserved, 0K cma-reserved)
[    0.000000] SLUB: HWalign=64, Order=0-3, MinObjects=0, CPUs=2, Nodes=1
[    0.000000] Kernel/User page tables isolation: enabled
[    0.000000] Hierarchical RCU implementation.
[    0.000000] 	Build-time adjustment of leaf fanout to 64.
[    0.000000] 	RCU restricting CPUs from NR_CPUS=512 to nr_cpu_ids=2.
[    0.000000] RCU: Adjusting geometry for rcu_fanout_leaf=64, nr_cpu_ids=2
[    0.000000] NR_IRQS:33024 nr_irqs:440 16
[    0.000000] Console: colour VGA+ 80x25
[    0.000000] console [tty1] enabled
[    0.000000] console [ttyS0] enabled
[    0.000000] tsc: Detected 2700.000 MHz processor
[    0.167729] Calibrating delay loop (skipped) preset value.. 5400.00 BogoMIPS (lpj=10800000)
[    0.170049] pid_max: default: 32768 minimum: 301
[    0.171308] ACPI: Core revision 20150930
[    0.173094] ACPI: 2 ACPI AML tables successfully acquired and loaded
[    0.174772] Security Framework initialized
[    0.175789] Yama: becoming mindful.
[    0.176697] AppArmor: AppArmor initialized
[    0.177772] Dentry cache hash table entries: 131072 (order: 8, 1048576 bytes)
[    0.181360] Inode-cache hash table entries: 65536 (order: 7, 524288 bytes)
[    0.183116] Mount-cache hash table entries: 2048 (order: 2, 16384 bytes)
[    0.184950] Mountpoint-cache hash table entries: 2048 (order: 2, 16384 bytes)
[    0.186729] Initializing cgroup subsys io
[    0.187835] Initializing cgroup subsys memory
[    0.188946] Initializing cgroup subsys devices
[    0.190033] Initializing cgroup subsys freezer
[    0.191192] Initializing cgroup subsys net_cls
[    0.192264] Initializing cgroup subsys perf_event
[    0.193406] Initializing cgroup subsys net_prio
[    0.194607] Initializing cgroup subsys hugetlb
[    0.195847] Initializing cgroup subsys pids
[    0.197898] mce: CPU supports 0 MCE banks
[    0.198933] Last level iTLB entries: 4KB 64, 2MB 8, 4MB 8
[    0.200580] Last level dTLB entries: 4KB 64, 2MB 0, 4MB 0, 1GB 4
[    0.202057] Spectre V1 : Mitigation: usercopy/swapgs barriers and __user pointer sanitization
[    0.204160] Spectre V2 : Mitigation: Full generic retpoline
[    0.205495] Spectre V2 : Spectre v2 / SpectreRSB mitigation: Filling RSB on context switch
[    0.207471] Speculative Store Bypass: Vulnerable
[    0.208568] SRBDS: Unknown: Dependent on hypervisor status
[    0.210170] MDS: Vulnerable: Clear CPU buffers attempted, no microcode
[    0.214413] Freeing SMP alternatives memory: 36K
[    0.221915] ftrace: allocating 32337 entries in 127 pages
[    0.281639] smpboot: APIC(0) Converting physical 0 to logical package 0
[    0.283474] smpboot: Max logical packages: 1
[    0.285008] x2apic enabled
[    0.286124] Switched APIC routing to physical x2apic.
[    0.288600] ..TIMER: vector=0x30 apic1=0 pin1=2 apic2=-1 pin2=-1
[    0.398229] smpboot: CPU0: Intel(R) Core(TM) i5-5257U CPU @ 2.70GHz (family: 0x6, model: 0x3d, stepping: 0x4)
[    0.401195] Performance Events: unsupported p6 CPU model 61 no PMU driver, software events only.
[    0.414217] KVM setup paravirtual spinlock
[    0.416001] x86: Booting SMP configuration:
[    0.417365] .... node  #0, CPUs:      #1
[    0.418518] kvm-clock: cpu 1, msr 0:3ffe3041, secondary cpu clock
[    0.420639] mce: CPU supports 0 MCE banks
[    0.423404] x86: Booted up 1 node, 2 CPUs
[    0.424692] smpboot: Total of 2 processors activated (10800.00 BogoMIPS)
[    0.426677] devtmpfs: initialized
[    0.428859] evm: security.selinux
[    0.429747] evm: security.SMACK64
[    0.430703] evm: security.SMACK64EXEC
[    0.431664] evm: security.SMACK64TRANSMUTE
[    0.432685] evm: security.SMACK64MMAP
[    0.433841] evm: security.ima
[    0.434701] evm: security.capability
[    0.435925] clocksource: jiffies: mask: 0xffffffff max_cycles: 0xffffffff, max_idle_ns: 7645041785100000 ns
[    0.438323] futex hash table entries: 512 (order: 3, 32768 bytes)
[    0.440036] pinctrl core: initialized pinctrl subsystem
[    0.441488] RTC time: 22:21:14, date: 08/25/20
[    0.442966] NET: Registered protocol family 16
[    0.459575] cpuidle: using governor ladder
[    0.471558] cpuidle: using governor menu
[    0.473193] PCCT header not found.
[    0.474573] ACPI: bus type PCI registered
[    0.475684] acpiphp: ACPI Hot Plug PCI Controller Driver version: 0.5
[    0.477396] PCI: Using configuration type 1 for base access
[    0.491814] ACPI: Added _OSI(Module Device)
[    0.493115] ACPI: Added _OSI(Processor Device)
[    0.494376] ACPI: Added _OSI(3.0 _SCP Extensions)
[    0.495612] ACPI: Added _OSI(Processor Aggregator Device)
[    0.497825] ACPI: Executed 1 blocks of module-level executable AML code
[    0.501576] ACPI: Interpreter enabled
[    0.502643] ACPI: (supports S0 S5)
[    0.503606] ACPI: Using IOAPIC for interrupt routing
[    0.504959] PCI: Using host bridge windows from ACPI; if necessary, use "pci=nocrs" and report a bug
[    0.511743] ACPI: PCI Root Bridge [PCI0] (domain 0000 [bus 00-ff])
[    0.513207] acpi PNP0A03:00: _OSC: OS supports [ASPM ClockPM Segments MSI]
[    0.515200] acpi PNP0A03:00: _OSC: not requesting OS control; OS requires [ExtendedConfig ASPM ClockPM MSI]
[    0.518023] acpi PNP0A03:00: fail to add MMCONFIG information, can't access extended PCI configuration space under this bridge.
[    0.521269] PCI host bridge to bus 0000:00
[    0.522351] pci_bus 0000:00: root bus resource [io  0x0000-0x0cf7 window]
[    0.524002] pci_bus 0000:00: root bus resource [io  0x0d00-0xffff window]
[    0.525544] pci_bus 0000:00: root bus resource [mem 0x000a0000-0x000bffff window]
[    0.527578] pci_bus 0000:00: root bus resource [mem 0x40000000-0xfdffffff window]
[    0.529574] pci_bus 0000:00: root bus resource [bus 00-ff]
[    0.533827] pci 0000:00:01.1: legacy IDE quirk: reg 0x10: [io  0x01f0-0x01f7]
[    0.535703] pci 0000:00:01.1: legacy IDE quirk: reg 0x14: [io  0x03f6]
[    0.537243] pci 0000:00:01.1: legacy IDE quirk: reg 0x18: [io  0x0170-0x0177]
[    0.549332] pci 0000:00:01.1: legacy IDE quirk: reg 0x1c: [io  0x0376]
[    0.571597] pci 0000:00:07.0: quirk: [io  0x4000-0x403f] claimed by PIIX4 ACPI
[    0.573504] pci 0000:00:07.0: quirk: [io  0x4100-0x410f] claimed by PIIX4 SMB
[    0.582414] ACPI: PCI Interrupt Link [LNKA] (IRQs 5 9 10 *11)
[    0.584710] ACPI: PCI Interrupt Link [LNKB] (IRQs 5 9 *10 11)
[    0.586786] ACPI: PCI Interrupt Link [LNKC] (IRQs 5 *9 10 11)
[    0.588646] ACPI: PCI Interrupt Link [LNKD] (IRQs 5 9 10 *11)
[    0.590682] ACPI: Enabled 2 GPEs in block 00 to 07
[    0.592344] vgaarb: setting as boot device: PCI:0000:00:02.0
[    0.593644] vgaarb: device added: PCI:0000:00:02.0,decodes=io+mem,owns=io+mem,locks=none
[    0.595761] vgaarb: loaded
[    0.596570] vgaarb: bridge control possible 0000:00:02.0
[    0.598041] SCSI subsystem initialized
[    0.599227] ACPI: bus type USB registered
[    0.600379] usbcore: registered new interface driver usbfs
[    0.601885] usbcore: registered new interface driver hub
[    0.603233] usbcore: registered new device driver usb
[    0.604745] PCI: Using ACPI for IRQ routing
[    0.608009] NetLabel: Initializing
[    0.608995] NetLabel:  domain hash size = 128
[    0.610164] NetLabel:  protocols = UNLABELED CIPSOv4
[    0.611473] NetLabel:  unlabeled traffic allowed by default
[    0.612956] amd_nb: Cannot enumerate AMD northbridges
[    0.614274] clocksource: Switched to clocksource kvm-clock
[    0.624027] AppArmor: AppArmor Filesystem Enabled
[    0.625346] pnp: PnP ACPI init
[    0.627455] pnp: PnP ACPI: found 3 devices
[    0.638346] clocksource: acpi_pm: mask: 0xffffff max_cycles: 0xffffff, max_idle_ns: 2085701024 ns
[    0.640548] NET: Registered protocol family 2
[    0.641793] TCP established hash table entries: 8192 (order: 4, 65536 bytes)
[    0.643428] TCP bind hash table entries: 8192 (order: 5, 131072 bytes)
[    0.644968] TCP: Hash tables configured (established 8192 bind 8192)
[    0.646438] UDP hash table entries: 512 (order: 2, 16384 bytes)
[    0.648140] UDP-Lite hash table entries: 512 (order: 2, 16384 bytes)
[    0.649685] NET: Registered protocol family 1
[    0.651087] pci 0000:00:00.0: Limiting direct PCI/PCI transfers
[    0.652500] pci 0000:00:01.0: Activating ISA DMA hang workarounds
[    0.654087] Unpacking initramfs...
[    0.920882] Freeing initrd memory: 14884K
[    0.922761] RAPL PMU detected, API unit is 2^-32 Joules, 4 fixed counters 10737418240 ms ovfl timer
[    0.925081] hw unit of domain pp0-core 2^-0 Joules
[    0.926224] hw unit of domain package 2^-0 Joules
[    0.927882] hw unit of domain dram 2^-0 Joules
[    0.928974] hw unit of domain pp1-gpu 2^-0 Joules
[    0.930117] clocksource: tsc: mask: 0xffffffffffffffff max_cycles: 0x26eb3e3cc63, max_idle_ns: 440795236593 ns
[    0.932695] platform rtc_cmos: registered platform RTC device (no PNP device found)
[    0.935102] Scanning for low memory corruption every 60 seconds
[    0.936913] audit: initializing netlink subsys (disabled)
[    0.938215] audit: type=2000 audit(1598394079.935:1): initialized
[    0.940129] Initialise system trusted keyring
[    0.941625] HugeTLB registered 2 MB page size, pre-allocated 0 pages
[    0.944295] zbud: loaded
[    0.945410] VFS: Disk quotas dquot_6.6.0
[    0.946470] VFS: Dquot-cache hash table entries: 512 (order 0, 4096 bytes)
[    0.948257] squashfs: version 4.0 (2009/01/31) Phillip Lougher
[    0.950168] fuse init (API version 7.23)
[    0.951376] Key type big_key registered
[    0.952385] Allocating IMA MOK and blacklist keyrings.
[    0.955572] Key type asymmetric registered
[    0.956662] Asymmetric key parser 'x509' registered
[    0.957941] Block layer SCSI generic (bsg) driver version 0.4 loaded (major 249)
[    0.960008] io scheduler noop registered
[    0.961125] io scheduler deadline registered (default)
[    0.962492] io scheduler cfq registered
[    0.963671] pci_hotplug: PCI Hot Plug PCI Core version: 0.5
[    0.965080] pciehp: PCI Express Hot Plug Controller Driver version: 0.4
[    0.967536] ACPI: AC Adapter [AC] (off-line)
[    0.968720] input: Power Button as /devices/LNXSYSTM:00/LNXPWRBN:00/input/input0
[    0.970675] ACPI: Power Button [PWRF]
[    0.972433] input: Sleep Button as /devices/LNXSYSTM:00/LNXSLPBN:00/input/input1
[    0.975900] ACPI: Sleep Button [SLPF]
[    0.978580] GHES: HEST is not enabled!
[    0.980283] ACPI: Battery Slot [BAT0] (battery present)
[    0.982548] Serial: 8250/16550 driver, 32 ports, IRQ sharing enabled
[    1.005595] 00:02: ttyS0 at I/O 0x3f8 (irq = 4, base_baud = 115200) is a 16550A
[    1.011229] Linux agpgart interface v0.103
[    1.014333] loop: module loaded
[    1.015882] scsi host0: ata_piix
[    1.017159] scsi host1: ata_piix
[    1.018223] ata1: PATA max UDMA/33 cmd 0x1f0 ctl 0x3f6 bmdma 0xd000 irq 14
[    1.019959] ata2: PATA max UDMA/33 cmd 0x170 ctl 0x376 bmdma 0xd008 irq 15
[    1.021777] libphy: Fixed MDIO Bus: probed
[    1.023068] tun: Universal TUN/TAP device driver, 1.6
[    1.024448] tun: (C) 1999-2004 Max Krasnyansky <maxk@qualcomm.com>
[    1.026088] PPP generic driver version 2.4.2
[    1.027316] ehci_hcd: USB 2.0 'Enhanced' Host Controller (EHCI) Driver
[    1.028810] ehci-pci: EHCI PCI platform driver
[    1.029924] ehci-platform: EHCI generic platform driver
[    1.031303] ohci_hcd: USB 1.1 'Open' Host Controller (OHCI) Driver
[    1.032797] ohci-pci: OHCI PCI platform driver
[    1.034018] ohci-platform: OHCI generic platform driver
[    1.035371] uhci_hcd: USB Universal Host Controller Interface driver
[    1.037101] i8042: PNP: PS/2 Controller [PNP0303:PS2K,PNP0f03:PS2M] at 0x60,0x64 irq 1,12
[    1.039765] serio: i8042 KBD port at 0x60,0x64 irq 1
[    1.041563] serio: i8042 AUX port at 0x60,0x64 irq 12
[    1.043149] mousedev: PS/2 mouse device common for all mice
[    1.044986] input: AT Translated Set 2 keyboard as /devices/platform/i8042/serio0/input/input2
[    1.048093] rtc_cmos rtc_cmos: rtc core: registered rtc_cmos as rtc0
[    1.049649] rtc_cmos rtc_cmos: alarms up to one day, 114 bytes nvram
[    1.051536] i2c /dev entries driver
[    1.052547] device-mapper: uevent: version 1.0.3
[    1.053880] device-mapper: ioctl: 4.34.0-ioctl (2015-10-28) initialised: dm-devel@redhat.com
[    1.055987] ledtrig-cpu: registered to indicate activity on CPUs
[    1.058350] NET: Registered protocol family 10
[    1.059701] NET: Registered protocol family 17
[    1.060831] Key type dns_resolver registered
[    1.062630] registered taskstats version 1
[    1.063677] Loading compiled-in X.509 certificates
[    1.065404] Loaded X.509 cert 'Build time autogenerated kernel key: f06b7227f29f55afa9b8968d1b82289d30ebc7c3'
[    1.068211] zswap: loaded using pool lzo/zbud
[    1.071197] Key type trusted registered
[    1.075678] Key type encrypted registered
[    1.076720] AppArmor: AppArmor sha1 policy hashing enabled
[    1.078026] ima: No TPM chip found, activating TPM-bypass!
[    1.079421] ima: Allocated hash algorithm: sha1
[    1.080551] evm: HMAC attrs: 0x1
[    1.082030]   Magic number: 0:51:402
[    1.083163] rtc_cmos rtc_cmos: setting system clock to 2020-08-25 22:21:15 UTC (1598394075)
[    1.085691] BIOS EDD facility v0.16 2004-Jun-25, 0 devices found
[    1.087529] EDD information not available.
[    1.198519] Freeing unused kernel memory: 1492K
[    1.199693] Write protecting the kernel read-only data: 14336k
[    1.201742] Freeing unused kernel memory: 1592K
[    1.203090] Freeing unused kernel memory: 56K
Loading, please wait...
starting version 229
[    1.218607] random: systemd-udevd: uninitialized urandom read (16 bytes read, 3 bits of entropy available)
[    1.219212] random: udevadm: uninitialized urandom read (16 bytes read, 3 bits of entropy available)
[    1.219229] random: udevadm: uninitialized urandom read (16 bytes read, 3 bits of entropy available)
[    1.226851] random: systemd-udevd: uninitialized urandom read (16 bytes read, 3 bits of entropy available)
[    1.227394] random: udevadm: uninitialized urandom read (16 bytes read, 3 bits of entropy available)
[    1.227456] random: udevadm: uninitialized urandom read (16 bytes read, 3 bits of entropy available)
[    1.227661] random: udevadm: uninitialized urandom read (16 bytes read, 3 bits of entropy available)
[    1.227709] random: udevadm: uninitialized urandom read (16 bytes read, 3 bits of entropy available)
[    1.227754] random: udevadm: uninitialized urandom read (16 bytes read, 3 bits of entropy available)
[    1.227800] random: udevadm: uninitialized urandom read (16 bytes read, 3 bits of entropy available)
[    1.280227] e1000: Intel(R) PRO/1000 Network Driver - version 7.3.21-k8-NAPI
[    1.280230] Fusion MPT base driver 3.04.20
[    1.280231] Copyright (c) 1999-2008 LSI Corporation
[    1.285158] e1000: Copyright (c) 1999-2006 Intel Corporation.
[    1.293559] Fusion MPT SPI Host driver 3.04.20
[    1.308156] AVX2 version of gcm_enc/dec engaged.
[    1.309737] AES CTR mode by8 optimization enabled
[    1.491665] input: ImExPS/2 Generic Explorer Mouse as /devices/platform/i8042/serio1/input/input4
[    1.690122] e1000 0000:00:03.0 eth0: (PCI:33MHz:32-bit) 02:98:c6:81:17:55
[    1.691816] e1000 0000:00:03.0 eth0: Intel(R) PRO/1000 Network Connection
[    1.694210] mptbase: ioc0: Initiating bringup
[    1.694931] e1000 0000:00:03.0 enp0s3: renamed from eth0
[    1.759461] ioc0: LSI53C1030 A0: Capabilities={Initiator}
[    1.921545] scsi host2: ioc0: LSI53C1030 A0, FwRev=00000000h, Ports=1, MaxQ=256, IRQ=20
[    2.039712] scsi 2:0:0:0: Direct-Access     VBOX     HARDDISK         1.0  PQ: 0 ANSI: 5
[    2.042191] scsi target2:0:0: Beginning Domain Validation
[    2.045925] scsi target2:0:0: Domain Validation skipping write tests
[    2.047564] scsi target2:0:0: Ending Domain Validation
[    2.058147] scsi target2:0:0: asynchronous
[    2.060181] scsi 2:0:1:0: Direct-Access     VBOX     HARDDISK         1.0  PQ: 0 ANSI: 5
[    2.063147] scsi target2:0:1: Beginning Domain Validation
[    2.065999] scsi target2:0:1: Domain Validation skipping write tests
[    2.068506] scsi target2:0:1: Ending Domain Validation
[    2.070301] scsi target2:0:1: asynchronous
[    2.078840] sd 2:0:0:0: [sda] 20971520 512-byte logical blocks: (10.7 GB/10.0 GiB)
[    2.078995] sd 2:0:0:0: Attached scsi generic sg0 type 0
[    2.079355] sd 2:0:1:0: Attached scsi generic sg1 type 0
[    2.079615] sd 2:0:1:0: [sdb] 20480 512-byte logical blocks: (10.5 MB/10.0 MiB)
[    2.079842] sd 2:0:1:0: [sdb] Write Protect is off
[    2.079966] sd 2:0:1:0: [sdb] Incomplete mode parameter data
[    2.079967] sd 2:0:1:0: [sdb] Assuming drive cache: write through
[    2.083303] sd 2:0:1:0: [sdb] Attached SCSI disk
[    2.093272] sd 2:0:0:0: [sda] Write Protect is off
[    2.094720] sd 2:0:0:0: [sda] Incomplete mode parameter data
[    2.096098] sd 2:0:0:0: [sda] Assuming drive cache: write through
[    2.100438]  sda: sda1
[    2.102556] sd 2:0:0:0: [sda] Attached SCSI disk
Begin: Loading essential drivers ... [    3.437419] md: linear personality registered for level -1
[    3.441911] md: multipath personality registered for level -4
[    3.446725] md: raid0 personality registered for level 0
[    3.456319] md: raid1 personality registered for level 1
[    3.530407] raid6: sse2x1   gen()  9500 MB/s
[    3.598464] raid6: sse2x1   xor()  7200 MB/s
[    3.666809] raid6: sse2x2   gen() 11831 MB/s
[    3.734535] raid6: sse2x2   xor()  7843 MB/s
[    3.802571] raid6: sse2x4   gen() 13667 MB/s
[    3.870562] raid6: sse2x4   xor()  9546 MB/s
[    3.938510] raid6: avx2x1   gen() 18660 MB/s
[    4.006295] raid6: avx2x2   gen() 21180 MB/s
[    4.074543] raid6: avx2x4   gen() 24326 MB/s
[    4.075744] raid6: using algorithm avx2x4 gen() 24326 MB/s
[    4.077040] raid6: using avx2x2 recovery algorithm
[    4.080196] xor: automatically using best checksumming function:
[    4.129618]    avx       : 51617.000 MB/sec
[    4.132353] async_tx: api initialized (async)
[    4.146089] md: raid6 personality registered for level 6
[    4.147964] md: raid5 personality registered for level 5
[    4.149402] md: raid4 personality registered for level 4
[    4.158584] md: raid10 personality registered for level 10
done.
Begin: Running /scripts/init-premount ... done.
Begin: Mounting root file system ... Begin: Running /scripts/local-top ... done.
Begin: Running /scripts/local-premount ... [    4.220157] Btrfs loaded
Scanning for Btrfs filesystems
done.
Warning: fsck not present, so skipping root file system
[    4.277129] EXT4-fs (sda1): mounted filesystem with ordered data mode. Opts: (null)
done.
Begin: Running /scripts/local-bottom ... done.
Begin: Running /scripts/init-bottom ... done.
[    4.395524] systemd[1]: systemd 229 running in system mode. (+PAM +AUDIT +SELINUX +IMA +APPARMOR +SMACK +SYSVINIT +UTMP +LIBCRYPTSETUP +GCRYPT +GNUTLS +ACL +XZ -LZ4 +SECCOMP +BLKID +ELFUTILS +KMOD -IDN)
[    4.400407] systemd[1]: Detected virtualization oracle.
[    4.401824] systemd[1]: Detected architecture x86-64.

Welcome to [1mUbuntu 16.04.7 LTS[0m!

[    4.406906] systemd[1]: Set hostname to <ubuntu>.
[    4.410764] systemd[1]: Initializing machine ID from random generator.
[    4.412347] systemd[1]: Installed transient /etc/machine-id file.
[    4.573879] systemd[1]: Started Trigger resolvconf update for networkd DNS.
[[0;32m  OK  [0m] Started Trigger resolvconf update for networkd DNS.
[    4.577504] systemd[1]: Listening on Syslog Socket.
[[0;32m  OK  [0m] Listening on Syslog Socket.
[    4.579980] systemd[1]: Listening on udev Kernel Socket.
[[0;32m  OK  [0m] Listening on udev Kernel Socket.
[    4.582666] systemd[1]: Set up automount Arbitrary Executable File Formats File System Automount Point.
[[0;32m  OK  [0m] Set up automount Arbitrary Executab...ats File System Automount Point.
[    4.588181] systemd[1]: Listening on Device-mapper event daemon FIFOs.
[[0;32m  OK  [0m] Listening on Device-mapper event daemon FIFOs.
[    4.591418] systemd[1]: Listening on /dev/initctl Compatibility Named Pipe.
[[0;32m  OK  [0m] Listening on /dev/initctl Compatibility Named Pipe.
[    4.603229] systemd[1]: Listening on udev Control Socket.
[[0;32m  OK  [0m] Listening on udev Control Socket.
[    4.606483] systemd[1]: Listening on Journal Socket (/dev/log).
[[0;32m  OK  [0m] Listening on Journal Socket (/dev/log).
[    4.611105] systemd[1]: Listening on Journal Audit Socket.
[[0;32m  OK  [0m] Listening on Journal Audit Socket.
[    4.614363] systemd[1]: Listening on LVM2 metadata daemon socket.
[[0;32m  OK  [0m] Listening on LVM2 metadata daemon socket.
[    4.617673] systemd[1]: Created slice User and Session Slice.
[[0;32m  OK  [0m] Created slice User and Session Slice.
[    4.621766] systemd[1]: Reached target Swap.
[[0;32m  OK  [0m] Reached target Swap.
[    4.624393] systemd[1]: Created slice System Slice.
[[0;32m  OK  [0m] Created slice System Slice.
[    4.627200] systemd[1]: Created slice system-serial\x2dgetty.slice.
[[0;32m  OK  [0m] Created slice system-serial\x2dgetty.slice.
[    4.630134] systemd[1]: Reached target Slices.
[[0;32m  OK  [0m] Reached target Slices.
[    4.632472] systemd[1]: Reached target Encrypted Volumes.
[[0;32m  OK  [0m] Reached target Encrypted Volumes.
[    4.635397] systemd[1]: Reached target User and Group Name Lookups.
[[0;32m  OK  [0m] Reached target User and Group Name Lookups.
[    4.638721] systemd[1]: Reached target System Time Synchronized.
[[0;32m  OK  [0m] Reached target System Time Synchronized.
[    4.647292] systemd[1]: Listening on Journal Socket.
[[0;32m  OK  [0m] Listening on Journal Socket.
[    4.662932] systemd[1]: Mounting POSIX Message Queue File System...
         Mounting POSIX Message Queue File System...
[    4.669065] systemd[1]: Starting Nameserver information manager...
         Starting Nameserver information manager...
[    4.673982] systemd[1]: Starting Monitoring of LVM2 mirrors, snapshots etc. using dmeventd or progress polling...
         Starting Monitoring of LVM2 mirrors... dmeventd or progress polling...
[    4.682834] systemd[1]: Starting Set console keymap...
         Starting Set console keymap...
[    4.688332] systemd[1]: Starting Journal Service...
         Starting Journal Service...
[    4.698034] systemd[1]: Mounting Debug File System...
         Mounting Debug File System...
[    4.703582] systemd[1]: Starting Load Kernel Modules...
         Starting Load Kernel Modules...
[    4.715910] systemd[1]: Starting Create list of required static device nodes for the current kernel...
         Starting Create list of required st... nodes for the current kernel...[    4.723266] Loading iSCSI transport class v2.0-870.

[    4.727823] systemd[1]: Starting Remount Root and Kernel File Systems...
         Starting Remount Root and Kernel File Systems...
[    4.733777] EXT4-fs (sda1): re-mounted. Opts: (null)
[    4.734466] systemd[1]: Starting Uncomplicated firewall...
         Starting Uncomplicated firewall...
[    4.739223] systemd[1]: Mounting Huge Pages File System...
         Mounting Huge Pages File System...
[    4.743385] systemd[1]: Listening on LVM2 poll daemon socket.
[[0;32m  OK  [0m] Listening on LVM2 poll daemon socket.
[    4.746761] systemd[1]: Started Forward Password Requests to Wall Directory Watch.
[[0;32m  OK  [0m] Started Forward Password Requests to Wall Directory Watch.
[    4.753309] systemd[1]: Mounted Huge Pages File System.
[[0;32m  OK  [0m] Mounted Huge Pages File System.
[    4.756742] systemd[1]: Mounted POSIX Message Queue File System.
[[0;32m  OK  [0m] Mounted POSIX Message Queue File System.
[    4.760910] systemd[1]: Mounted Debug File System.
[[0;32m  OK  [0m] Mounted Debug File System.
[    4.764925] systemd[1]: Started Create list of required static device nodes for the current kernel.
[    4.769048] iscsi: registered transport (tcp)
[[0;32m  OK  [0m] Started Create list of required sta...ce nodes for the current kernel.
[    4.781089] systemd[1]: Started Remount Root and Kernel File Systems.
[[0;32m  OK  [0m] Started Remount Root and Kernel File Systems.
[    4.790169] systemd[1]: Started Set console keymap.
[[0;32m  OK  [0m] Started Set console keymap.
[    4.794140] systemd[1]: Started Uncomplicated firewall.
[[0;32m  OK  [0m] Started Uncomplicated firewall.
[    4.810597] iscsi: registered transport (iser)
[    4.820095] systemd[1]: Started Nameserver information manager.
[[0;32m  OK  [0m] Started Nameserver information manager.
[    4.825414] systemd[1]: Started Load Kernel Modules.
[[0;32m  OK  [0m] Started Load Kernel Modules.
[    4.833163] systemd[1]: Started Journal Service.
[[0;32m  OK  [0m] Started Journal Service.
[[0;32m  OK  [0m] Started LVM2 metadata daemon.
         Mounting FUSE Control File System...
         Starting Apply Kernel Variables...
         Starting Load/Save Random Seed...
         Starting udev Coldplug all Devices...
         Starting Flush Journal to Persistent Storage...
         Starting Create Static Device Nodes in /dev...
[[0;32m  OK  [0m] Mounted FUSE Control File System.
[[0;32m  OK  [0m] Started Apply Kernel Variables.
[[0;32m  OK  [0m] Started Load/Save Random Seed.
[[0;32m  OK  [0m] Started Flush Journal to Persistent Storage.
[[0;32m  OK  [0m] Started Create Static Device Nodes in /dev.
         Starting udev Kernel Device Manager...
[[0;32m  OK  [0m] Started udev Coldplug all Devices.
[[0;32m  OK  [0m] Started udev Kernel Device Manager.
[[0;32m  OK  [0m] Started Dispatch Password Requests to Console Directory Watch.
[[0;32m  OK  [0m] Found device /dev/ttyS0.
[[0;32m  OK  [0m] Listening on Load/Save RF Kill Switch Status /dev/rfkill Watch.
[[0;32m  OK  [0m] Started Monitoring of LVM2 mirrors,...ng dmeventd or progress polling.
[[0;32m  OK  [0m] Reached target Local File Systems (Pre).
[[0;32m  OK  [0m] Reached target Local File Systems.
         Starting Create Volatile Files and Directories...
         Starting LSB: AppArmor initialization...
         Starting Commit a transient machine-id on disk...
         Starting Initial cloud-init job (pre-networking)...
         Starting Tell Plymouth To Write Out Runtime Data...
         Starting Set console font and keymap...
[[0;32m  OK  [0m] Started Create Volatile Files and Directories.
         Starting Update UTMP about System Boot/Shutdown...
[[0;32m  OK  [0m] Started Tell Plymouth To Write Out Runtime Data.
[[0;32m  OK  [0m] Started Commit a transient machine-id on disk.
[[0;32m  OK  [0m] Started Update UTMP about System Boot/Shutdown.
[[0;32m  OK  [0m] Started LSB: AppArmor initialization.
         Starting Load AppArmor profiles managed internally by snapd...
[[0;32m  OK  [0m] Started Load AppArmor profiles managed internally by snapd.
[[0;32m  OK  [0m] Started Set console font and keymap.
[[0;32m  OK  [0m] Created slice system-getty.slice.
[    6.917910] cloud-init[599]: Cloud-init v. 20.2-45-g5f7825e2-0ubuntu1~16.04.1 running 'init-local' at Tue, 25 Aug 2020 22:21:21 +0000. Up 6.51 seconds.
[[0;32m  OK  [0m] Started Initial cloud-init job (pre-networking).
[[0;32m  OK  [0m] Reached target Network (Pre).
         Starting Raise network interfaces...
[[0;32m  OK  [0m] Started Raise network interfaces.
         Starting Initial cloud-init job (metadata service crawler)...
[[0;32m  OK  [0m] Reached target Network.
[    8.438091] cloud-init[951]: Cloud-init v. 20.2-45-g5f7825e2-0ubuntu1~16.04.1 running 'init' at Tue, 25 Aug 2020 22:21:22 +0000. Up 7.78 seconds.
[    8.441557] cloud-init[951]: ci-info: ++++++++++++++++++++++++++++++++++++++Net device info++++++++++++++++++++++++++++++++++++++
[    8.444966] cloud-init[951]: ci-info: +--------+------+----------------------------+---------------+--------+-------------------+
[    8.448656] cloud-init[951]: ci-info: | Device |  Up  |          Address           |      Mask     | Scope  |     Hw-Address    |
[    8.451519] cloud-init[951]: ci-info: +--------+------+----------------------------+---------------+--------+-------------------+
[    8.455387] cloud-init[951]: ci-info: | enp0s3 | True |         10.0.2.15          | 255.255.255.0 | global | 02:98:c6:81:17:55 |
[    8.459177] cloud-init[951]: ci-info: | enp0s3 | True | fe80::98:c6ff:fe81:1755/64 |       .       |  link  | 02:98:c6:81:17:55 |
[    8.463039] cloud-init[951]: ci-info: |   lo   | True |         127.0.0.1          |   255.0.0.0   |  host  |         .         |
[    8.466770] cloud-init[951]: ci-info: |   lo   | True |          ::1/128           |       .       |  host  |         .         |
[    8.470392] cloud-init[951]: ci-info: +--------+------+----------------------------+---------------+--------+-------------------+
[    8.474187] cloud-init[951]: ci-info: +++++++++++++++++++++++++++Route IPv4 info++++++++++++++++++++++++++++
[    8.477057] cloud-init[951]: ci-info: +-------+-------------+----------+---------------+-----------+-------+
[    8.480053] cloud-init[951]: ci-info: | Route | Destination | Gateway  |    Genmask    | Interface | Flags |
[    8.483622] cloud-init[951]: ci-info: +-------+-------------+----------+---------------+-----------+-------+
[    8.487057] cloud-init[951]: ci-info: |   0   |   0.0.0.0   | 10.0.2.2 |    0.0.0.0    |   enp0s3  |   UG  |
[    8.489442] cloud-init[951]: ci-info: |   1   |   10.0.2.0  | 0.0.0.0  | 255.255.255.0 |   enp0s3  |   U   |
[    8.491910] cloud-init[951]: ci-info: +-------+-------------+----------+---------------+-----------+-------+[[0;32m  OK  [0m] Started Initial cloud-init job (metadata service crawler).
[[0;32m  OK  [0m] Reached target System Initialization.

[    8.498105] cloud-init[951]: ci-info: +++++++++++++++++++Route IPv6 info+++++++++++++++++++
[    8.500630] cloud-init[951]: ci-info: +-------+-------------+---------+-----------+-------+
[    8.500921] cloud-init[951]: ci-info: | Route | Destination | Gateway | Interface | Flags |
[    8.503488] cloud-init[951]: ci-info: +-------+-------------+---------+-----------+-------+
[    8.505491] cloud-init[951]: ci-info: |   0   |  fe80::/64  |    ::   |   enp0s3  |   U   |
[    8.507560] cloud-init[951]: ci-info: |   3   |   ff00::/8  |    ::   |   enp0s3  |   U   |
         Starting LXD - unix socket.
[[    8.509267] cloud-init[951]: ci-info: +-------+-------------+---------+-----------+-------+
[    8.511666] cloud-init[951]: Generating public/private rsa key pair.
[    8.514306] cloud-init[951]: Your identification has been saved in /etc/ssh/ssh_host_rsa_key.
[    8.515290] cloud-init[951]: Your public key has been saved in /etc/ssh/ssh_host_rsa_key.pub.
[    8.517792] cloud-init[951]: The key fingerprint is:
[    8.520164] cloud-init[951]: SHA256:WBMXcjiqny+Eu/oX3IdN/CNJ00bFpToqMO5DDboNJ7Q root@ubuntu-xenial
[    8.520660] cloud-init[951]: The key's randomart image is:
[    8.521724] cloud-init[951]: +---[RSA 2048]----+
[    8.522946] cloud-init[951]: |        o.+. o...|
[    8.525229] cloud-init[951]: |        o=  . .. |
[0;32m  OK  [0m] Started Daily apt download activities.
[    8.526126] cloud-init[951]: |       .oo o  .  |
[    8.529112] cloud-init[951]: |    . oo .= o.   |
[    8.529304] cloud-init[951]: |   . *++S= =o    |
[    8.531287] cloud-init[951]: |    E.*o+ =.o.   |
[    8.531816] cloud-init[951]: |     @.o.... .   |
[    8.532452] cloud-init[951]: |    o.B  .       |
[    8.534428] cloud-init[951]: |  .ooo.+.        |
[    8.535297] cloud-init[951]: +----[SHA256]-----+
[    8.536701] cloud-init[951]: Generating public/private dsa key pair.
[    8.537460] cloud-init[951]: Your identification has been saved in /etc/ssh/ssh_host_dsa_key.
[    8.539427] cloud-init[951]: Your public key has been saved in /etc/ssh/ssh_host_dsa_key.pub.
[    8.540713] cloud-init[951]: [The key fingerprint is:[0;32m  OK  [0m
] Started Daily Cleanup of Temporary Directories.
[[    8.542390] cloud-init[951]: SHA256:ZbOwN6u8/zWVlZ852i5kEeYSMEmPpzi4R1My2pbC0p4 root@ubuntu-xenial
[    8.545345] cloud-init[951]: The key's randomart image is:
[    8.547654] cloud-init[951]: +---[DSA 1024]----+
[    8.548709] cloud-init[951]: |        .+o      |
[    8.549575] cloud-init[951]: |         .+. o  .|
[    8.551214] cloud-init[951]: |       o.o+o+ ...|
[    8.551316] cloud-init[951]: |    o + *=o+ o  *|
[    8.551376] cloud-init[951]: |   . * OS.+ . .=o|
[    8.554396] cloud-init[951]: |    o * o. o oo..|
[    8.554881] cloud-init[951]: |     E .  . o.o. |
[    8.555232] cloud-init[951]: |      .. .   o.. |
[    8.557668] cloud-init[951]: |        +o... .. |
[    8.558169] cloud-init[951]: +----[SHA256]-----+
[0;32m  OK  [0m[    8.559136] ] cloud-initStarted Daily apt upgrade and clean activities.[951]: 
Generating public/private ecdsa key pair.
[[    8.559294] cloud-init[951]: Your identification has been saved in /etc/ssh/ssh_host_ecdsa_key.
[    8.562618] cloud-init[951]: Your public key has been saved in /etc/ssh/ssh_host_ecdsa_key.pub.
[    8.565176] cloud-init[951]: The key fingerprint is:
[    8.567344] cloud-init[951]: SHA256:h/jr2YXp71iqHrZUQG56CWdg4EObpa0St3YAtRCJACo root@ubuntu-xenial
[    8.568667] cloud-init[951]: The key's randomart image is:
[    8.571212] cloud-init[951]: +---[ECDSA 256]---+
[    8.572013] cloud-init[951]: |=.+++.+ .        |
[    8.573524] cloud-init[951]: |o .= O +         |
[0;32m  OK  [0m] Listening on UUID daemon activation socket.
[    8.574508] cloud-init[951]: |E . X o *        |
[    8.577776] cloud-init[951]: |.  o = B +       |
[    8.578049] cloud-init[951]: |  . + + S o      |
[    8.579584] [cloud-init[0;32m  OK  [0m[951]: ] |   o . o o o     |Listening on D-Bus System Message Bus Socket.

[[    8.580389] cloud-init[951]: |        = o o    |
[    8.583228] cloud-init[951]: |       o B =     |
[    8.584819] cloud-init[951]: |       oB.=oo    |
[0;32m  OK  [0m] Started Message of the Day.
[    8.585339] cloud-init[951]: +----[SHA256]-----+
[    8.588877] cloud-init[951]: Generating public/private ed25519 key pair.
[    8.589149] [cloud-init[0;32m  OK  [0m[951]: ] Your identification has been saved in /etc/ssh/ssh_host_ed25519_key.Reached target Timers.

[    8.590656] cloud-init[951]: Your public key has been saved in /etc/ssh/ssh_host_ed25519_key.pub.
[    8.594245] cloud-init[951]: The key fingerprint is:
[[0;32m  OK  [0m] Listening on ACPID Listen Socket.
[    8.597325] cloud-init[951]: SHA256:H0I7v82gDjirp4yiFmZXU0L2ycmsUMO9UGjan8p40RU root@ubuntu-xenial
[    8.602188] cloud-init[951]: The key's randomart image is:
[    8.604245] cloud-init[951]: +--[ED25519 256]--+
[    8.604599] cloud-init[951]: |    o=+.         |
[    8.605895] cloud-init[951]: |    o**ooE       |
[[0;32m  OK  [0m] Started ACPI Events Check.
[[    8.606171] cloud-init[951]: |   .+ +Bo .      |
[    8.611088] cloud-init[951]: |   ..+.o o       |
[    8.612402] cloud-init[951]: |    ..+ S .      |
[    8.613468] cloud-init[951]: | + . o + = .     |
[    8.615527] cloud-init[951]: |o o = +   +      |
[    8.616823] cloud-init[951]: |.+ ..* . . =     |
[0;32m  OK  [0m] Reached target Paths.
         Starting Socket activation for snappy daemon.[    8.618051] 
cloud-init[951]: |* ++o  .o . o    |
[    8.632509] cloud-init[951]: +----[SHA256]-----+
[[0;32m  OK  [0m] Reached target Cloud-config availability.
[[0;32m  OK  [0m] Reached target Network is Online.
         Starting iSCSI initiator daemon (iscsid)...
[[0;32m  OK  [0m] Listening on LXD - unix socket.
[[0;32m  OK  [0m] Listening on Socket activation for snappy daemon.
[[0;32m  OK  [0m] Reached target Sockets.
[[0;32m  OK  [0m] Reached target Basic System.
[[0;32m  OK  [0m] Started FUSE filesystem for LXC.
         Starting LXD - container startup/shutdown...
[[0;32m  OK  [0m] Started D-Bus System Message Bus.
         Starting Pollinate to seed the pseudo random number generator...
         Starting Login Service...
         Starting /etc/rc.local Compatibility...
         Starting LSB: MD monitoring daemon...
[[0;32m  OK  [0m] Started Deferred execution scheduler.
         Starting LSB: Record successful boot for GRUB...
         Starting Accounts Service...
         Starting Snap Daemon...
         Starting System Logging Service...
[[0;32m  OK  [0m] Started ACPI event daemon.
[[0;32m  OK  [0m] Started Regular background program processing daemon.
         Starting Virtualbox guest utils...
[[0;32m  OK  [0m] Started /etc/rc.local Compatibility.
[[0;32m  OK  [0m] Started iSCSI initiator daemon (iscsid).
         Starting Login to default iSCSI targets...
[[0;32m  OK  [0m] Started Login Service.
[[0;32m  OK  [0m] Started Unattended Upgrades Shutdown.
[[0;32m  OK  [0m] Started Login to default iSCSI targets.
[[0;32m  OK  [0m] Reached target Remote File Systems (Pre).
[[0;32m  OK  [0m] Reached target Remote File Systems.
         Starting LSB: Set the CPU Frequency Scaling governor to "ondemand"...
         Starting LSB: automatic crash report generation...
         Starting LSB: daemon to balance interrupts for SMP systems...
         Starting Permit User Sessions...
[[0;32m  OK  [0m] Started System Logging Service.
[[0;32m  OK  [0m] Started Permit User Sessions.
         Starting Hold until boot process finishes up...
         Starting Terminate Plymouth Boot Screen...
[[0;32m  OK  [0m] Started Hold until boot process finishes up.
[[0;32m  OK  [0m] Started LXD - container startup/shutdown.
[[0;32m  OK  [0m] Started Terminate Plymouth Boot Screen.
[[0;32m  OK  [0m] Started LSB: Record successful boot for GRUB.
         Starting Authenticate and Authorize Users to Run Privileged Tasks...
[[0;32m  OK  [0m] Started Getty on tty1.
         Starting Set console scheme...
[[0;32m  OK  [0m] Started Serial Getty on ttyS0.
[[0;32m  OK  [0m] Reached target Login Prompts.
[[0;32m  OK  [0m] Started Set console scheme.
[[0;32m  OK  [0m] Started LSB: Set the CPU Frequency Scaling governor to "ondemand".
[[0;32m  OK  [0m] Started LSB: automatic crash report generation.
[[0;32m  OK  [0m] Started LSB: daemon to balance interrupts for SMP systems.
[[0;32m  OK  [0m] Started LSB: MD monitoring daemon.
[[0;32m  OK  [0m] Started Authenticate and Authorize Users to Run Privileged Tasks.
[[0;32m  OK  [0m] Started Accounts Service.
[[0;32m  OK  [0m] Started Virtualbox guest utils.
[[0;32m  OK  [0m] Started Snap Daemon.
         Starting Wait until snapd is fully seeded...
[[0;32m  OK  [0m] Started Pollinate to seed the pseudo random number generator.
         Starting OpenBSD Secure Shell server...
[[0;32m  OK  [0m] Started OpenBSD Secure Shell server.
[[0;32m  OK  [0m] Created slice User Slice of vagrant.
         Starting User Manager for UID 1000...
[[0;32m  OK  [0m] Started Session 1 of user vagrant.
[[0;32m  OK  [0m] Started User Manager for UID 1000.
[   15.043508] cloud-init[1608]: Generating locales (this might take a while)...

Ubuntu 16.04.7 LTS ubuntu-xenial ttyS0

ubuntu-xenial login: [   16.203120] cloud-init[1608]:   en_US.UTF-8... done
[   16.205861] cloud-init[1608]: Generation complete.
[   16.541038] cloud-init[1608]: Cloud-init v. 20.2-45-g5f7825e2-0ubuntu1~16.04.1 running 'modules:config' at Tue, 25 Aug 2020 22:21:29 +0000. Up 14.90 seconds.
ci-info: no authorized SSH keys fingerprints found for user ubuntu.
<14>Aug 25 22:21:31 ec2: 
<14>Aug 25 22:21:31 ec2: #############################################################
<14>Aug 25 22:21:31 ec2: -----BEGIN SSH HOST KEY FINGERPRINTS-----
<14>Aug 25 22:21:31 ec2: 1024 SHA256:ZbOwN6u8/zWVlZ852i5kEeYSMEmPpzi4R1My2pbC0p4 root@ubuntu-xenial (DSA)
<14>Aug 25 22:21:31 ec2: 256 SHA256:h/jr2YXp71iqHrZUQG56CWdg4EObpa0St3YAtRCJACo root@ubuntu-xenial (ECDSA)
<14>Aug 25 22:21:31 ec2: 256 SHA256:H0I7v82gDjirp4yiFmZXU0L2ycmsUMO9UGjan8p40RU root@ubuntu-xenial (ED25519)
<14>Aug 25 22:21:31 ec2: 2048 SHA256:WBMXcjiqny+Eu/oX3IdN/CNJ00bFpToqMO5DDboNJ7Q root@ubuntu-xenial (RSA)
<14>Aug 25 22:21:31 ec2: -----END SSH HOST KEY FINGERPRINTS-----
<14>Aug 25 22:21:31 ec2: #############################################################
-----BEGIN SSH HOST KEY KEYS-----
ecdsa-sha2-nistp256 AAAAE2VjZHNhLXNoYTItbmlzdHAyNTYAAAAIbmlzdHAyNTYAAABBBAp6jq+ykNvaHb/FcI+sELecL6JWymHrmFpbhgUIIbU78q718/BRKBI/2VC1Jv0s1tuGxYhAH3lMGkSrUV4okPc= root@ubuntu-xenial
ssh-ed25519 AAAAC3NzaC1lZDI1NTE5AAAAIAHtOYJpxrZKAhYPoSU/+TUjOUng/d0HGTLrMuayWGWf root@ubuntu-xenial
ssh-rsa AAAAB3NzaC1yc2EAAAADAQABAAABAQC6SvRWSOddo/oiOq4utNJj89tAoeH3g0s4lSv7ZcQidJU5iNR1oM0XsyGrtK+9JYnv6ey2yoIzX6nnDverfFwcGRaihI2sABfwMopFJsPHK+E3vJgFqcGZle1di7gqgfig01scmtuUhxf3wHdLzap1qdUkhR5/JiyZGut2EcddXDP+YFirNDe/JfnxidkPY9Dx9Gh7sUZcoZyD9ds/S3JAiiFhcOAvshjRxryt5rYn96P/PpMEoM9cUUwqqw4Fqysb5KA5DlL+2xGDp/gA+00x7uWAFk0pbqBDZMJj4oEVvoaknwHnrrAmnsiqLatcWZkEXiT7XxRmAW+UQF2Pjtyj root@ubuntu-xenial
-----END SSH HOST KEY KEYS-----
[   17.037294] cloud-init[1753]: Cloud-init v. 20.2-45-g5f7825e2-0ubuntu1~16.04.1 running 'modules:final' at Tue, 25 Aug 2020 22:21:31 +0000. Up 16.88 seconds.
[   17.039071] cloud-init[1753]: ci-info: no authorized SSH keys fingerprints found for user ubuntu.
[   17.040491] cloud-init[1753]: Cloud-init v. 20.2-45-g5f7825e2-0ubuntu1~16.04.1 finished at Tue, 25 Aug 2020 22:21:31 +0000. Datasource DataSourceNoCloud [seed=/dev/sdb][dsmode=net].  Up 17.02 seconds
